c[?7l[2J[0mSeaBIOS (version 1.13.0-1ubuntu1.1)


iPXE (http://ipxe.org) 00:03.0 CA00 PCI2.10 PnP PMM+07F8CA10+07ECCA10 CA00
Press Ctrl-B to configure iPXE (PCI 00:03.0)...                                                                               


Booting from Hard Disk..(THU.CST) os is loading ...

Special kernel symbols:
  entry  0xc0100036 (phys)
  etext  0xc010b0d3 (phys)
  edata  0xc012e000 (phys)
  end    0xc0131164 (phys)
Kernel executable memory footprint: 197KB
ebp:0xc012af38 eip:0xc0100b00 args:0x00010094 0x00010094 0xc012af68 0xc01000e3 
    kern/debug/kdebug.c:308: print_stackframe+25
ebp:0xc012af48 eip:0xc0100e02 args:0x00000000 0x00000000 0x00000000 0xc012afb8 
    kern/debug/kmonitor.c:129: mon_backtrace+14
ebp:0xc012af68 eip:0xc01000e3 args:0x00000000 0xc012af90 0xffff0000 0xc012af94 
    kern/init/init.c:58: grade_backtrace2+37
ebp:0xc012af88 eip:0xc0100111 args:0x00000000 0xffff0000 0xc012afb4 0x0000002a 
    kern/init/init.c:63: grade_backtrace1+42
ebp:0xc012afa8 eip:0xc0100134 args:0x00000000 0xc0100036 0xffff0000 0x0000001d 
    kern/init/init.c:68: grade_backtrace0+27
ebp:0xc012afc8 eip:0xc010015e args:0xc010b0fc 0xc010b0e0 0x00003164 0x00000000 
    kern/init/init.c:73: grade_backtrace+38
ebp:0xc012aff8 eip:0xc010008b args:0xc010b2dc 0xc010b2e4 0xc0100d7e 0xc010b303 
    kern/init/init.c:33: kern_init+84
memory management: default_pmm_manager
e820map:
  memory: 0009fc00, [00000000, 0009fbff], type = 1.
  memory: 00000400, [0009fc00, 0009ffff], type = 2.
  memory: 00010000, [000f0000, 000fffff], type = 2.
  memory: 07ee0000, [00100000, 07fdffff], type = 1.
  memory: 00020000, [07fe0000, 07ffffff], type = 2.
  memory: 00040000, [fffc0000, ffffffff], type = 2.
check_alloc_page() succeeded!
check_pgdir() succeeded!
check_boot_pgdir() succeeded!
-------------------- BEGIN --------------------
PDE(0e0) c0000000-f8000000 38000000 urw
  |-- PTE(38000) c0000000-f8000000 38000000 -rw
PDE(001) fac00000-fb000000 00400000 -rw
  |-- PTE(000e0) faf00000-fafe0000 000e0000 urw
  |-- PTE(00001) fafeb000-fafec000 00001000 -rw
--------------------- END ---------------------
use SLOB allocator
kmalloc_init() succeeded!
check_vma_struct() succeeded!
page fault at 0x00000100: K/W [no page found].
check_pgfault() succeeded!
check_vmm() succeeded.
kernel panic at kern/process/proc.c:353:
    create init_main failed.

stack trackback:
ebp:0xc012af68 eip:0xc0100b00 args:0xc010b1a8 0xc012afac 0x00000161 0xc01099b1 
    kern/debug/kdebug.c:308: print_stackframe+25
ebp:0xc012af98 eip:0xc01004a9 args:0xc010d525 0x00000161 0xc010d5c6 0x00007ccf 
    kern/debug/panic.c:27: __panic+107
ebp:0xc012afc8 eip:0xc010a254 args:0xc010b0fc 0xc010b0e0 0x00003164 0x00000000 
    kern/process/proc.c:353: proc_init+295
ebp:0xc012aff8 eip:0xc01000a4 args:0xc010b2dc 0xc010b2e4 0xc0100d7e 0xc010b303 
    kern/init/init.c:41: kern_init+109
Welcome to the kernel debug monitor!!
Type 'help' for a list of commands.
K> 